0 info it worked if it ends with ok
1 verbose cli [ '/Users/clintonhalpin/.nvm/versions/node/v0.12.7/bin/node',
1 verbose cli   '/Users/clintonhalpin/.nvm/versions/node/v0.12.7/bin/npm',
1 verbose cli   'run',
1 verbose cli   'start' ]
2 info using npm@2.11.3
3 info using node@v0.12.7
4 verbose run-script [ 'prestart', 'start', 'poststart' ]
5 info prestart boilerplate-hjs-webpack@1.0.0
6 verbose unsafe-perm in lifecycle true
7 info start boilerplate-hjs-webpack@1.0.0
8 verbose unsafe-perm in lifecycle true
9 info boilerplate-hjs-webpack@1.0.0 Failed to exec start script
10 verbose stack Error: boilerplate-hjs-webpack@1.0.0 start: `webpack-dev-server`
10 verbose stack Exit status 1
10 verbose stack     at EventEmitter.<anonymous> (/Users/clintonhalpin/.nvm/versions/node/v0.12.7/lib/node_modules/npm/lib/utils/lifecycle.js:213:16)
10 verbose stack     at EventEmitter.emit (events.js:110:17)
10 verbose stack     at ChildProcess.<anonymous> (/Users/clintonhalpin/.nvm/versions/node/v0.12.7/lib/node_modules/npm/lib/utils/spawn.js:24:14)
10 verbose stack     at ChildProcess.emit (events.js:110:17)
10 verbose stack     at maybeClose (child_process.js:1015:16)
10 verbose stack     at Process.ChildProcess._handle.onexit (child_process.js:1087:5)
11 verbose pkgid boilerplate-hjs-webpack@1.0.0
12 verbose cwd /Users/clintonhalpin/Sites/opensource/boilerplate-hjs-webpack
13 error Darwin 15.0.0
14 error argv "/Users/clintonhalpin/.nvm/versions/node/v0.12.7/bin/node" "/Users/clintonhalpin/.nvm/versions/node/v0.12.7/bin/npm" "run" "start"
15 error node v0.12.7
16 error npm  v2.11.3
17 error code ELIFECYCLE
18 error boilerplate-hjs-webpack@1.0.0 start: `webpack-dev-server`
18 error Exit status 1
19 error Failed at the boilerplate-hjs-webpack@1.0.0 start script 'webpack-dev-server'.
19 error This is most likely a problem with the boilerplate-hjs-webpack package,
19 error not with npm itself.
19 error Tell the author that this fails on your system:
19 error     webpack-dev-server
19 error You can get their info via:
19 error     npm owner ls boilerplate-hjs-webpack
19 error There is likely additional logging output above.
20 verbose exit [ 1, true ]
